*** Starting uWSGI 2.0.12-debian (64bit) on [Tue Mar 13 22:02:42 2018] ***
compiled with version: 5.4.0 20160609 on 31 August 2017 21:02:04
os: Linux-4.4.0-1049-aws #58-Ubuntu SMP Fri Jan 12 23:17:09 UTC 2018
nodename: ip-172-31-42-5
machine: x86_64
clock source: unix
pcre jit disabled
detected number of CPU cores: 1
current working directory: /home/ubuntu
writing pidfile to /home/ubuntu/doc_class/doc_class.pid
detected binary path: /usr/bin/uwsgi-core
*** WARNING: you are running uWSGI without its master process manager ***
your processes number limit is 3900
your memory page size is 4096 bytes
detected max file descriptor number: 1024
lock engine: pthread robust mutexes
thunder lock: disabled (you can enable it with --thunder-lock)
probably another instance of uWSGI is running on the same address (127.0.0.1:3033).
bind(): Address already in use [core/socket.c line 769]
*** Starting uWSGI 2.0.12-debian (64bit) on [Tue Mar 13 22:03:40 2018] ***
compiled with version: 5.4.0 20160609 on 31 August 2017 21:02:04
os: Linux-4.4.0-1049-aws #58-Ubuntu SMP Fri Jan 12 23:17:09 UTC 2018
nodename: ip-172-31-42-5
machine: x86_64
clock source: unix
pcre jit disabled
detected number of CPU cores: 1
current working directory: /home/ubuntu
writing pidfile to /home/ubuntu/doc_class/doc_class.pid
detected binary path: /usr/bin/uwsgi-core
*** WARNING: you are running uWSGI without its master process manager ***
your processes number limit is 3900
your memory page size is 4096 bytes
detected max file descriptor number: 1024
lock engine: pthread robust mutexes
thunder lock: disabled (you can enable it with --thunder-lock)
probably another instance of uWSGI is running on the same address (127.0.0.1:3033).
bind(): Address already in use [core/socket.c line 769]
*** Starting uWSGI 2.0.12-debian (64bit) on [Tue Mar 13 22:03:52 2018] ***
compiled with version: 5.4.0 20160609 on 31 August 2017 21:02:04
os: Linux-4.4.0-1049-aws #58-Ubuntu SMP Fri Jan 12 23:17:09 UTC 2018
nodename: ip-172-31-42-5
machine: x86_64
clock source: unix
pcre jit disabled
detected number of CPU cores: 1
current working directory: /home/ubuntu
writing pidfile to /home/ubuntu/doc_class/doc_class.pid
detected binary path: /usr/bin/uwsgi-core
*** WARNING: you are running uWSGI without its master process manager ***
your processes number limit is 3900
your memory page size is 4096 bytes
detected max file descriptor number: 1024
lock engine: pthread robust mutexes
thunder lock: disabled (you can enable it with --thunder-lock)
probably another instance of uWSGI is running on the same address (127.0.0.1:3033).
bind(): Address already in use [core/socket.c line 769]
*** Starting uWSGI 2.0.12-debian (64bit) on [Tue Mar 13 22:05:01 2018] ***
compiled with version: 5.4.0 20160609 on 31 August 2017 21:02:04
os: Linux-4.4.0-1049-aws #58-Ubuntu SMP Fri Jan 12 23:17:09 UTC 2018
nodename: ip-172-31-42-5
machine: x86_64
clock source: unix
pcre jit disabled
detected number of CPU cores: 1
current working directory: /home/ubuntu
writing pidfile to /home/ubuntu/doc_class/doc_class.pid
detected binary path: /usr/bin/uwsgi-core
*** WARNING: you are running uWSGI without its master process manager ***
your processes number limit is 3900
your memory page size is 4096 bytes
detected max file descriptor number: 1024
lock engine: pthread robust mutexes
thunder lock: disabled (you can enable it with --thunder-lock)
probably another instance of uWSGI is running on the same address (127.0.0.1:3033).
bind(): Address already in use [core/socket.c line 769]
*** Starting uWSGI 2.0.12-debian (64bit) on [Tue Mar 13 22:10:33 2018] ***
compiled with version: 5.4.0 20160609 on 31 August 2017 21:02:04
os: Linux-4.4.0-1049-aws #58-Ubuntu SMP Fri Jan 12 23:17:09 UTC 2018
nodename: ip-172-31-42-5
machine: x86_64
clock source: unix
pcre jit disabled
detected number of CPU cores: 1
current working directory: /home/ubuntu
writing pidfile to /home/ubuntu/doc_class/doc_class.pid
detected binary path: /usr/bin/uwsgi-core
*** WARNING: you are running uWSGI without its master process manager ***
your processes number limit is 3900
your memory page size is 4096 bytes
detected max file descriptor number: 1024
lock engine: pthread robust mutexes
thunder lock: disabled (you can enable it with --thunder-lock)
probably another instance of uWSGI is running on the same address (127.0.0.1:3033).
bind(): Address already in use [core/socket.c line 769]
*** Starting uWSGI 2.0.12-debian (64bit) on [Tue Mar 13 22:12:01 2018] ***
compiled with version: 5.4.0 20160609 on 31 August 2017 21:02:04
os: Linux-4.4.0-1049-aws #58-Ubuntu SMP Fri Jan 12 23:17:09 UTC 2018
nodename: ip-172-31-42-5
machine: x86_64
clock source: unix
pcre jit disabled
detected number of CPU cores: 1
current working directory: /home/ubuntu
writing pidfile to /home/ubuntu/doc_class/doc_class.pid
detected binary path: /usr/bin/uwsgi-core
*** WARNING: you are running uWSGI without its master process manager ***
your processes number limit is 3900
your memory page size is 4096 bytes
detected max file descriptor number: 1024
lock engine: pthread robust mutexes
thunder lock: disabled (you can enable it with --thunder-lock)
probably another instance of uWSGI is running on the same address (127.0.0.1:3033).
bind(): Address already in use [core/socket.c line 769]
*** Starting uWSGI 2.0.12-debian (64bit) on [Wed Mar 14 00:07:21 2018] ***
compiled with version: 5.4.0 20160609 on 31 August 2017 21:02:04
os: Linux-4.4.0-1049-aws #58-Ubuntu SMP Fri Jan 12 23:17:09 UTC 2018
nodename: ip-172-31-42-5
machine: x86_64
clock source: unix
pcre jit disabled
detected number of CPU cores: 1
current working directory: /home/ubuntu
writing pidfile to /home/ubuntu/doc_class/doc_class.pid
detected binary path: /usr/bin/uwsgi-core
*** WARNING: you are running uWSGI without its master process manager ***
your processes number limit is 3900
your memory page size is 4096 bytes
detected max file descriptor number: 1024
lock engine: pthread robust mutexes
thunder lock: disabled (you can enable it with --thunder-lock)
probably another instance of uWSGI is running on the same address (127.0.0.1:3033).
bind(): Address already in use [core/socket.c line 769]
*** Starting uWSGI 2.0.12-debian (64bit) on [Wed Mar 14 00:09:50 2018] ***
compiled with version: 5.4.0 20160609 on 31 August 2017 21:02:04
os: Linux-4.4.0-1049-aws #58-Ubuntu SMP Fri Jan 12 23:17:09 UTC 2018
nodename: ip-172-31-42-5
machine: x86_64
clock source: unix
pcre jit disabled
detected number of CPU cores: 1
current working directory: /home/ubuntu
writing pidfile to /home/ubuntu/doc_class/doc_class.pid
detected binary path: /usr/bin/uwsgi-core
*** WARNING: you are running uWSGI without its master process manager ***
your processes number limit is 3900
your memory page size is 4096 bytes
detected max file descriptor number: 1024
lock engine: pthread robust mutexes
thunder lock: disabled (you can enable it with --thunder-lock)
probably another instance of uWSGI is running on the same address (127.0.0.1:3033).
bind(): Address already in use [core/socket.c line 769]
*** Starting uWSGI 2.0.12-debian (64bit) on [Wed Mar 14 00:12:12 2018] ***
compiled with version: 5.4.0 20160609 on 31 August 2017 21:02:04
os: Linux-4.4.0-1049-aws #58-Ubuntu SMP Fri Jan 12 23:17:09 UTC 2018
nodename: ip-172-31-42-5
machine: x86_64
clock source: unix
pcre jit disabled
detected number of CPU cores: 1
current working directory: /home/ubuntu
writing pidfile to /home/ubuntu/doc_class/doc_class.pid
detected binary path: /usr/bin/uwsgi-core
*** WARNING: you are running uWSGI without its master process manager ***
your processes number limit is 3900
your memory page size is 4096 bytes
detected max file descriptor number: 1024
lock engine: pthread robust mutexes
thunder lock: disabled (you can enable it with --thunder-lock)
probably another instance of uWSGI is running on the same address (127.0.0.1:3033).
bind(): Address already in use [core/socket.c line 769]
*** Starting uWSGI 2.0.12-debian (64bit) on [Wed Mar 14 00:17:10 2018] ***
compiled with version: 5.4.0 20160609 on 31 August 2017 21:02:04
os: Linux-4.4.0-1049-aws #58-Ubuntu SMP Fri Jan 12 23:17:09 UTC 2018
nodename: ip-172-31-42-5
machine: x86_64
clock source: unix
pcre jit disabled
detected number of CPU cores: 1
current working directory: /home/ubuntu
writing pidfile to /home/ubuntu/doc_class/doc_class.pid
detected binary path: /usr/bin/uwsgi-core
*** WARNING: you are running uWSGI without its master process manager ***
your processes number limit is 3900
your memory page size is 4096 bytes
detected max file descriptor number: 1024
lock engine: pthread robust mutexes
thunder lock: disabled (you can enable it with --thunder-lock)
probably another instance of uWSGI is running on the same address (127.0.0.1:3033).
bind(): Address already in use [core/socket.c line 769]
*** Starting uWSGI 2.0.12-debian (64bit) on [Wed Mar 14 00:28:53 2018] ***
compiled with version: 5.4.0 20160609 on 31 August 2017 21:02:04
os: Linux-4.4.0-1049-aws #58-Ubuntu SMP Fri Jan 12 23:17:09 UTC 2018
nodename: ip-172-31-42-5
machine: x86_64
clock source: unix
pcre jit disabled
detected number of CPU cores: 1
current working directory: /home/ubuntu
writing pidfile to /home/ubuntu/doc_class/doc_class.pid
detected binary path: /usr/bin/uwsgi-core
*** WARNING: you are running uWSGI without its master process manager ***
your processes number limit is 3900
your memory page size is 4096 bytes
detected max file descriptor number: 1024
lock engine: pthread robust mutexes
thunder lock: disabled (you can enable it with --thunder-lock)
probably another instance of uWSGI is running on the same address (127.0.0.1:3033).
bind(): Address already in use [core/socket.c line 769]
*** Starting uWSGI 2.0.12-debian (64bit) on [Wed Mar 14 00:40:47 2018] ***
compiled with version: 5.4.0 20160609 on 31 August 2017 21:02:04
os: Linux-4.4.0-1049-aws #58-Ubuntu SMP Fri Jan 12 23:17:09 UTC 2018
nodename: ip-172-31-42-5
machine: x86_64
clock source: unix
pcre jit disabled
detected number of CPU cores: 1
current working directory: /home/ubuntu
writing pidfile to /home/ubuntu/doc_class/doc_class.pid
detected binary path: /usr/bin/uwsgi-core
*** WARNING: you are running uWSGI without its master process manager ***
your processes number limit is 3900
your memory page size is 4096 bytes
detected max file descriptor number: 1024
lock engine: pthread robust mutexes
thunder lock: disabled (you can enable it with --thunder-lock)
probably another instance of uWSGI is running on the same address (127.0.0.1:3033).
bind(): Address already in use [core/socket.c line 769]
*** Starting uWSGI 2.0.12-debian (64bit) on [Wed Mar 14 00:45:25 2018] ***
compiled with version: 5.4.0 20160609 on 31 August 2017 21:02:04
os: Linux-4.4.0-1049-aws #58-Ubuntu SMP Fri Jan 12 23:17:09 UTC 2018
nodename: ip-172-31-42-5
machine: x86_64
clock source: unix
pcre jit disabled
detected number of CPU cores: 1
current working directory: /home/ubuntu/doc_class
writing pidfile to /home/ubuntu/doc_class/doc_class.pid
detected binary path: /usr/bin/uwsgi-core
*** WARNING: you are running uWSGI without its master process manager ***
your processes number limit is 3900
your memory page size is 4096 bytes
detected max file descriptor number: 1024
lock engine: pthread robust mutexes
thunder lock: disabled (you can enable it with --thunder-lock)
probably another instance of uWSGI is running on the same address (127.0.0.1:3033).
bind(): Address already in use [core/socket.c line 769]
*** Starting uWSGI 2.0.12-debian (64bit) on [Wed Mar 14 00:57:28 2018] ***
compiled with version: 5.4.0 20160609 on 31 August 2017 21:02:04
os: Linux-4.4.0-1049-aws #58-Ubuntu SMP Fri Jan 12 23:17:09 UTC 2018
nodename: ip-172-31-42-5
machine: x86_64
clock source: unix
pcre jit disabled
detected number of CPU cores: 1
current working directory: /home/ubuntu
writing pidfile to /home/ubuntu/doc_class/doc_class.pid
detected binary path: /usr/bin/uwsgi-core
*** WARNING: you are running uWSGI without its master process manager ***
your processes number limit is 3900
your memory page size is 4096 bytes
detected max file descriptor number: 1024
lock engine: pthread robust mutexes
thunder lock: disabled (you can enable it with --thunder-lock)
probably another instance of uWSGI is running on the same address (127.0.0.1:3033).
bind(): Address already in use [core/socket.c line 769]
*** Starting uWSGI 2.0.12-debian (64bit) on [Wed Mar 14 01:34:11 2018] ***
compiled with version: 5.4.0 20160609 on 31 August 2017 21:02:04
os: Linux-4.4.0-1049-aws #58-Ubuntu SMP Fri Jan 12 23:17:09 UTC 2018
nodename: ip-172-31-42-5
machine: x86_64
clock source: unix
pcre jit disabled
detected number of CPU cores: 1
current working directory: /home/ubuntu
writing pidfile to /home/ubuntu/doc_class/doc_class.pid
detected binary path: /usr/bin/uwsgi-core
*** WARNING: you are running uWSGI without its master process manager ***
your processes number limit is 3900
your memory page size is 4096 bytes
detected max file descriptor number: 1024
lock engine: pthread robust mutexes
thunder lock: disabled (you can enable it with --thunder-lock)
probably another instance of uWSGI is running on the same address (127.0.0.1:3033).
bind(): Address already in use [core/socket.c line 769]
*** Starting uWSGI 2.0.12-debian (64bit) on [Wed Mar 14 03:44:16 2018] ***
compiled with version: 5.4.0 20160609 on 31 August 2017 21:02:04
os: Linux-4.4.0-1049-aws #58-Ubuntu SMP Fri Jan 12 23:17:09 UTC 2018
nodename: ip-172-31-42-5
machine: x86_64
clock source: unix
pcre jit disabled
detected number of CPU cores: 1
current working directory: /home/ubuntu
writing pidfile to /home/ubuntu/doc_class/doc_class.pid
detected binary path: /usr/bin/uwsgi-core
*** WARNING: you are running uWSGI without its master process manager ***
your processes number limit is 3900
your memory page size is 4096 bytes
detected max file descriptor number: 1024
lock engine: pthread robust mutexes
thunder lock: disabled (you can enable it with --thunder-lock)
probably another instance of uWSGI is running on the same address (127.0.0.1:3033).
bind(): Address already in use [core/socket.c line 769]
*** Starting uWSGI 2.0.12-debian (64bit) on [Wed Mar 14 03:47:29 2018] ***
compiled with version: 5.4.0 20160609 on 31 August 2017 21:02:04
os: Linux-4.4.0-1049-aws #58-Ubuntu SMP Fri Jan 12 23:17:09 UTC 2018
nodename: ip-172-31-42-5
machine: x86_64
clock source: unix
pcre jit disabled
detected number of CPU cores: 1
current working directory: /home/ubuntu
writing pidfile to /home/ubuntu/doc_class/doc_class.pid
detected binary path: /usr/bin/uwsgi-core
*** WARNING: you are running uWSGI without its master process manager ***
your processes number limit is 3900
your memory page size is 4096 bytes
detected max file descriptor number: 1024
lock engine: pthread robust mutexes
thunder lock: disabled (you can enable it with --thunder-lock)
probably another instance of uWSGI is running on the same address (127.0.0.1:3033).
bind(): Address already in use [core/socket.c line 769]
*** Starting uWSGI 2.0.12-debian (64bit) on [Wed Mar 14 03:54:26 2018] ***
compiled with version: 5.4.0 20160609 on 31 August 2017 21:02:04
os: Linux-4.4.0-1049-aws #58-Ubuntu SMP Fri Jan 12 23:17:09 UTC 2018
nodename: ip-172-31-42-5
machine: x86_64
clock source: unix
pcre jit disabled
detected number of CPU cores: 1
current working directory: /home/ubuntu
writing pidfile to /home/ubuntu/doc_class/doc_class.pid
detected binary path: /usr/bin/uwsgi-core
*** WARNING: you are running uWSGI without its master process manager ***
your processes number limit is 3900
your memory page size is 4096 bytes
detected max file descriptor number: 1024
lock engine: pthread robust mutexes
thunder lock: disabled (you can enable it with --thunder-lock)
probably another instance of uWSGI is running on the same address (127.0.0.1:3033).
bind(): Address already in use [core/socket.c line 769]
*** Starting uWSGI 2.0.12-debian (64bit) on [Wed Mar 14 03:54:37 2018] ***
compiled with version: 5.4.0 20160609 on 31 August 2017 21:02:04
os: Linux-4.4.0-1049-aws #58-Ubuntu SMP Fri Jan 12 23:17:09 UTC 2018
nodename: ip-172-31-42-5
machine: x86_64
clock source: unix
pcre jit disabled
detected number of CPU cores: 1
current working directory: /home/ubuntu
writing pidfile to /home/ubuntu/doc_class/doc_class.pid
detected binary path: /usr/bin/uwsgi-core
*** WARNING: you are running uWSGI without its master process manager ***
your processes number limit is 3900
your memory page size is 4096 bytes
detected max file descriptor number: 1024
lock engine: pthread robust mutexes
thunder lock: disabled (you can enable it with --thunder-lock)
probably another instance of uWSGI is running on the same address (127.0.0.1:3033).
bind(): Address already in use [core/socket.c line 769]
*** Starting uWSGI 2.0.12-debian (64bit) on [Wed Mar 14 03:57:19 2018] ***
compiled with version: 5.4.0 20160609 on 31 August 2017 21:02:04
os: Linux-4.4.0-1049-aws #58-Ubuntu SMP Fri Jan 12 23:17:09 UTC 2018
nodename: ip-172-31-42-5
machine: x86_64
clock source: unix
pcre jit disabled
detected number of CPU cores: 1
current working directory: /home/ubuntu
writing pidfile to /home/ubuntu/doc_class/doc_class.pid
detected binary path: /usr/bin/uwsgi-core
*** WARNING: you are running uWSGI without its master process manager ***
your processes number limit is 3900
your memory page size is 4096 bytes
detected max file descriptor number: 1024
lock engine: pthread robust mutexes
thunder lock: disabled (you can enable it with --thunder-lock)
uwsgi socket 0 bound to TCP address 127.0.0.1:3033 fd 3
Python version: 2.7.12 (default, Dec  4 2017, 14:50:18)  [GCC 5.4.0 20160609]
*** Python threads support is disabled. You can enable it with --enable-threads ***
Python main interpreter initialized at 0x1165810
your server socket listen backlog is limited to 100 connections
your mercy for graceful operations on workers is 60 seconds
mapped 72768 bytes (71 KB) for 1 cores
*** Operational MODE: single process ***
added /home/ubuntu/doc_class/ to pythonpath.
WSGI app 0 (mountpoint='') ready in 0 seconds on interpreter 0x1165810 pid: 27266 (default app)
mountpoint  already configured. skip.
*** uWSGI is running in multiple interpreter mode ***
spawned uWSGI worker 1 (and the only) (pid: 27266, cores: 1)
[pid: 27266|app: 0|req: 1/1] 68.82.206.192 () {40 vars in 675 bytes} [Wed Mar 14 03:57:25 2018] GET / => generated 825 bytes in 6 msecs (HTTP/1.1 200) 2 headers in 80 bytes (1 switches on core 0)
[pid: 27266|app: 0|req: 2/2] 68.82.206.192 () {40 vars in 711 bytes} [Wed Mar 14 03:57:25 2018] GET /static/styles/app.css => generated 233 bytes in 5 msecs (HTTP/1.1 404) 2 headers in 72 bytes (1 switches on core 0)
[pid: 27266|app: 0|req: 3/3] 68.82.206.192 () {40 vars in 740 bytes} [Wed Mar 14 03:57:25 2018] GET /uploads/confusion.jpg => generated 28997 bytes in 3 msecs via sendfile() (HTTP/1.1 200) 8 headers in 291 bytes (0 switches on core 0)
[pid: 27266|app: 0|req: 4/4] 68.82.206.192 () {48 vars in 1024 bytes} [Wed Mar 14 03:57:35 2018] POST /upload => generated 825 bytes in 4 msecs (HTTP/1.1 200) 2 headers in 80 bytes (2 switches on core 0)
[pid: 27266|app: 0|req: 5/5] 68.82.206.192 () {40 vars in 717 bytes} [Wed Mar 14 03:57:36 2018] GET /static/styles/app.css => generated 233 bytes in 0 msecs (HTTP/1.1 404) 2 headers in 72 bytes (1 switches on core 0)
[pid: 27266|app: 0|req: 6/6] 68.82.206.192 () {48 vars in 1028 bytes} [Wed Mar 14 03:59:35 2018] POST /upload => generated 825 bytes in 1 msecs (HTTP/1.1 200) 2 headers in 80 bytes (1 switches on core 0)
[pid: 27266|app: 0|req: 7/7] 68.82.206.192 () {40 vars in 717 bytes} [Wed Mar 14 03:59:35 2018] GET /static/styles/app.css => generated 233 bytes in 0 msecs (HTTP/1.1 404) 2 headers in 72 bytes (1 switches on core 0)
*** Starting uWSGI 2.0.12-debian (64bit) on [Wed Mar 14 04:01:44 2018] ***
compiled with version: 5.4.0 20160609 on 31 August 2017 21:02:04
os: Linux-4.4.0-1049-aws #58-Ubuntu SMP Fri Jan 12 23:17:09 UTC 2018
nodename: ip-172-31-42-5
machine: x86_64
clock source: unix
pcre jit disabled
detected number of CPU cores: 1
current working directory: /home/ubuntu
writing pidfile to /home/ubuntu/doc_class/doc_class.pid
detected binary path: /usr/bin/uwsgi-core
*** WARNING: you are running uWSGI without its master process manager ***
your processes number limit is 3900
your memory page size is 4096 bytes
detected max file descriptor number: 1024
lock engine: pthread robust mutexes
thunder lock: disabled (you can enable it with --thunder-lock)
probably another instance of uWSGI is running on the same address (127.0.0.1:3033).
bind(): Address already in use [core/socket.c line 769]
*** Starting uWSGI 2.0.12-debian (64bit) on [Wed Mar 14 04:02:01 2018] ***
compiled with version: 5.4.0 20160609 on 31 August 2017 21:02:04
os: Linux-4.4.0-1049-aws #58-Ubuntu SMP Fri Jan 12 23:17:09 UTC 2018
nodename: ip-172-31-42-5
machine: x86_64
clock source: unix
pcre jit disabled
detected number of CPU cores: 1
current working directory: /home/ubuntu
writing pidfile to /home/ubuntu/doc_class/doc_class.pid
detected binary path: /usr/bin/uwsgi-core
*** WARNING: you are running uWSGI without its master process manager ***
your processes number limit is 3900
your memory page size is 4096 bytes
detected max file descriptor number: 1024
lock engine: pthread robust mutexes
thunder lock: disabled (you can enable it with --thunder-lock)
uwsgi socket 0 bound to TCP address 127.0.0.1:3033 fd 3
Python version: 2.7.12 (default, Dec  4 2017, 14:50:18)  [GCC 5.4.0 20160609]
*** Python threads support is disabled. You can enable it with --enable-threads ***
Python main interpreter initialized at 0xf6b810
your server socket listen backlog is limited to 100 connections
your mercy for graceful operations on workers is 60 seconds
mapped 72768 bytes (71 KB) for 1 cores
*** Operational MODE: single process ***
added /home/ubuntu/doc_class/ to pythonpath.
WSGI app 0 (mountpoint='') ready in 0 seconds on interpreter 0xf6b810 pid: 27319 (default app)
mountpoint  already configured. skip.
*** uWSGI is running in multiple interpreter mode ***
spawned uWSGI worker 1 (and the only) (pid: 27319, cores: 1)
[pid: 27319|app: 0|req: 1/1] 68.82.206.192 () {48 vars in 1032 bytes} [Wed Mar 14 04:02:15 2018] POST /upload => generated 825 bytes in 21 msecs (HTTP/1.1 200) 2 headers in 80 bytes (8 switches on core 0)
[pid: 27319|app: 0|req: 2/2] 68.82.206.192 () {40 vars in 717 bytes} [Wed Mar 14 04:02:15 2018] GET /static/styles/app.css => generated 233 bytes in 5 msecs (HTTP/1.1 404) 2 headers in 72 bytes (1 switches on core 0)
*** Starting uWSGI 2.0.12-debian (64bit) on [Wed Mar 14 04:07:29 2018] ***
compiled with version: 5.4.0 20160609 on 31 August 2017 21:02:04
os: Linux-4.4.0-1049-aws #58-Ubuntu SMP Fri Jan 12 23:17:09 UTC 2018
nodename: ip-172-31-42-5
machine: x86_64
clock source: unix
pcre jit disabled
detected number of CPU cores: 1
current working directory: /home/ubuntu
writing pidfile to /home/ubuntu/doc_class/doc_class.pid
detected binary path: /usr/bin/uwsgi-core
*** WARNING: you are running uWSGI without its master process manager ***
your processes number limit is 3900
your memory page size is 4096 bytes
detected max file descriptor number: 1024
lock engine: pthread robust mutexes
thunder lock: disabled (you can enable it with --thunder-lock)
uwsgi socket 0 bound to TCP address 127.0.0.1:3033 fd 3
Python version: 2.7.12 (default, Dec  4 2017, 14:50:18)  [GCC 5.4.0 20160609]
*** Python threads support is disabled. You can enable it with --enable-threads ***
Python main interpreter initialized at 0x2414810
your server socket listen backlog is limited to 100 connections
your mercy for graceful operations on workers is 60 seconds
mapped 72768 bytes (71 KB) for 1 cores
*** Operational MODE: single process ***
added /home/ubuntu/doc_class/ to pythonpath.
WSGI app 0 (mountpoint='') ready in 0 seconds on interpreter 0x2414810 pid: 27374 (default app)
mountpoint  already configured. skip.
*** uWSGI is running in multiple interpreter mode ***
spawned uWSGI worker 1 (and the only) (pid: 27374, cores: 1)
*** Starting uWSGI 2.0.12-debian (64bit) on [Wed Mar 14 04:07:51 2018] ***
compiled with version: 5.4.0 20160609 on 31 August 2017 21:02:04
os: Linux-4.4.0-1049-aws #58-Ubuntu SMP Fri Jan 12 23:17:09 UTC 2018
nodename: ip-172-31-42-5
machine: x86_64
clock source: unix
pcre jit disabled
detected number of CPU cores: 1
current working directory: /home/ubuntu
writing pidfile to /home/ubuntu/doc_class/doc_class.pid
detected binary path: /usr/bin/uwsgi-core
*** WARNING: you are running uWSGI without its master process manager ***
your processes number limit is 3900
your memory page size is 4096 bytes
detected max file descriptor number: 1024
lock engine: pthread robust mutexes
thunder lock: disabled (you can enable it with --thunder-lock)
probably another instance of uWSGI is running on the same address (127.0.0.1:3033).
bind(): Address already in use [core/socket.c line 769]
[pid: 27374|app: 0|req: 1/1] 68.82.206.192 () {40 vars in 687 bytes} [Wed Mar 14 04:08:37 2018] GET /upload => generated 178 bytes in 6 msecs (HTTP/1.1 405) 3 headers in 103 bytes (1 switches on core 0)
[pid: 27374|app: 0|req: 2/2] 68.82.206.192 () {40 vars in 675 bytes} [Wed Mar 14 04:08:44 2018] GET / => generated 825 bytes in 5 msecs (HTTP/1.1 200) 2 headers in 80 bytes (1 switches on core 0)
[pid: 27374|app: 0|req: 3/3] 68.82.206.192 () {40 vars in 711 bytes} [Wed Mar 14 04:08:46 2018] GET /static/styles/app.css => generated 233 bytes in 0 msecs (HTTP/1.1 404) 2 headers in 72 bytes (1 switches on core 0)
[pid: 27374|app: 0|req: 4/4] 68.82.206.192 () {48 vars in 1026 bytes} [Wed Mar 14 04:09:26 2018] POST /upload => generated 825 bytes in 15 msecs (HTTP/1.1 200) 2 headers in 80 bytes (9 switches on core 0)
[pid: 27374|app: 0|req: 5/5] 68.82.206.192 () {40 vars in 717 bytes} [Wed Mar 14 04:09:26 2018] GET /static/styles/app.css => generated 233 bytes in 0 msecs (HTTP/1.1 404) 2 headers in 72 bytes (1 switches on core 0)
*** Starting uWSGI 2.0.12-debian (64bit) on [Wed Mar 14 04:11:39 2018] ***
compiled with version: 5.4.0 20160609 on 31 August 2017 21:02:04
os: Linux-4.4.0-1049-aws #58-Ubuntu SMP Fri Jan 12 23:17:09 UTC 2018
nodename: ip-172-31-42-5
machine: x86_64
clock source: unix
pcre jit disabled
detected number of CPU cores: 1
current working directory: /home/ubuntu
writing pidfile to /home/ubuntu/doc_class/doc_class.pid
detected binary path: /usr/bin/uwsgi-core
*** WARNING: you are running uWSGI without its master process manager ***
your processes number limit is 3900
your memory page size is 4096 bytes
detected max file descriptor number: 1024
lock engine: pthread robust mutexes
thunder lock: disabled (you can enable it with --thunder-lock)
uwsgi socket 0 bound to TCP address 127.0.0.1:3033 fd 3
Python version: 2.7.12 (default, Dec  4 2017, 14:50:18)  [GCC 5.4.0 20160609]
*** Python threads support is disabled. You can enable it with --enable-threads ***
Python main interpreter initialized at 0x966810
your server socket listen backlog is limited to 100 connections
your mercy for graceful operations on workers is 60 seconds
mapped 72768 bytes (71 KB) for 1 cores
*** Operational MODE: single process ***
added /home/ubuntu/doc_class/ to pythonpath.
WSGI app 0 (mountpoint='') ready in 0 seconds on interpreter 0x966810 pid: 27481 (default app)
mountpoint  already configured. skip.
*** uWSGI is running in multiple interpreter mode ***
spawned uWSGI worker 1 (and the only) (pid: 27481, cores: 1)
[pid: 27481|app: 0|req: 1/1] 68.82.206.192 () {40 vars in 675 bytes} [Wed Mar 14 04:11:53 2018] GET / => generated 825 bytes in 6 msecs (HTTP/1.1 200) 2 headers in 80 bytes (1 switches on core 0)
[pid: 27481|app: 0|req: 2/2] 68.82.206.192 () {40 vars in 711 bytes} [Wed Mar 14 04:11:54 2018] GET /static/styles/app.css => generated 233 bytes in 5 msecs (HTTP/1.1 404) 2 headers in 72 bytes (1 switches on core 0)
*** Starting uWSGI 2.0.12-debian (64bit) on [Wed Mar 14 04:14:39 2018] ***
compiled with version: 5.4.0 20160609 on 31 August 2017 21:02:04
os: Linux-4.4.0-1049-aws #58-Ubuntu SMP Fri Jan 12 23:17:09 UTC 2018
nodename: ip-172-31-42-5
machine: x86_64
clock source: unix
pcre jit disabled
detected number of CPU cores: 1
current working directory: /home/ubuntu
writing pidfile to /home/ubuntu/doc_class/doc_class.pid
detected binary path: /usr/bin/uwsgi-core
*** WARNING: you are running uWSGI without its master process manager ***
your processes number limit is 3900
your memory page size is 4096 bytes
detected max file descriptor number: 1024
lock engine: pthread robust mutexes
thunder lock: disabled (you can enable it with --thunder-lock)
uwsgi socket 0 bound to TCP address 127.0.0.1:3033 fd 3
Python version: 2.7.12 (default, Dec  4 2017, 14:50:18)  [GCC 5.4.0 20160609]
*** Python threads support is disabled. You can enable it with --enable-threads ***
Python main interpreter initialized at 0xbbe810
your server socket listen backlog is limited to 100 connections
your mercy for graceful operations on workers is 60 seconds
mapped 72768 bytes (71 KB) for 1 cores
*** Operational MODE: single process ***
added /home/ubuntu/doc_class/ to pythonpath.
WSGI app 0 (mountpoint='') ready in 0 seconds on interpreter 0xbbe810 pid: 27581 (default app)
mountpoint  already configured. skip.
*** uWSGI is running in multiple interpreter mode ***
spawned uWSGI worker 1 (and the only) (pid: 27581, cores: 1)
[pid: 27581|app: 0|req: 1/1] 68.82.206.192 () {40 vars in 675 bytes} [Wed Mar 14 04:15:03 2018] GET / => generated 825 bytes in 6 msecs (HTTP/1.1 200) 2 headers in 80 bytes (1 switches on core 0)
[pid: 27581|app: 0|req: 2/2] 68.82.206.192 () {40 vars in 711 bytes} [Wed Mar 14 04:15:03 2018] GET /static/styles/app.css => generated 233 bytes in 5 msecs (HTTP/1.1 404) 2 headers in 72 bytes (1 switches on core 0)
*** Starting uWSGI 2.0.12-debian (64bit) on [Wed Mar 14 04:17:06 2018] ***
compiled with version: 5.4.0 20160609 on 31 August 2017 21:02:04
os: Linux-4.4.0-1049-aws #58-Ubuntu SMP Fri Jan 12 23:17:09 UTC 2018
nodename: ip-172-31-42-5
machine: x86_64
clock source: unix
pcre jit disabled
detected number of CPU cores: 1
current working directory: /home/ubuntu
writing pidfile to /home/ubuntu/doc_class/doc_class.pid
detected binary path: /usr/bin/uwsgi-core
*** WARNING: you are running uWSGI without its master process manager ***
your processes number limit is 3900
your memory page size is 4096 bytes
detected max file descriptor number: 1024
lock engine: pthread robust mutexes
thunder lock: disabled (you can enable it with --thunder-lock)
uwsgi socket 0 bound to TCP address 127.0.0.1:3033 fd 3
Python version: 2.7.12 (default, Dec  4 2017, 14:50:18)  [GCC 5.4.0 20160609]
*** Python threads support is disabled. You can enable it with --enable-threads ***
Python main interpreter initialized at 0x1aae810
your server socket listen backlog is limited to 100 connections
your mercy for graceful operations on workers is 60 seconds
mapped 72768 bytes (71 KB) for 1 cores
*** Operational MODE: single process ***
added /home/ubuntu/doc_class/ to pythonpath.
WSGI app 0 (mountpoint='') ready in 0 seconds on interpreter 0x1aae810 pid: 27639 (default app)
mountpoint  already configured. skip.
*** uWSGI is running in multiple interpreter mode ***
spawned uWSGI worker 1 (and the only) (pid: 27639, cores: 1)
[pid: 27639|app: 0|req: 1/1] 68.82.206.192 () {40 vars in 675 bytes} [Wed Mar 14 04:17:11 2018] GET / => generated 825 bytes in 5 msecs (HTTP/1.1 200) 2 headers in 80 bytes (1 switches on core 0)
[pid: 27639|app: 0|req: 2/2] 68.82.206.192 () {40 vars in 711 bytes} [Wed Mar 14 04:17:12 2018] GET /static/styles/app.css => generated 233 bytes in 5 msecs (HTTP/1.1 404) 2 headers in 72 bytes (1 switches on core 0)
[pid: 27639|app: 0|req: 3/3] 68.82.206.192 () {48 vars in 1030 bytes} [Wed Mar 14 04:20:17 2018] POST /upload => generated 825 bytes in 214 msecs (HTTP/1.1 200) 2 headers in 80 bytes (9 switches on core 0)
[pid: 27639|app: 0|req: 4/4] 68.82.206.192 () {40 vars in 717 bytes} [Wed Mar 14 04:20:17 2018] GET /static/styles/app.css => generated 233 bytes in 0 msecs (HTTP/1.1 404) 2 headers in 72 bytes (1 switches on core 0)
*** Starting uWSGI 2.0.12-debian (64bit) on [Wed Mar 14 04:21:50 2018] ***
compiled with version: 5.4.0 20160609 on 31 August 2017 21:02:04
os: Linux-4.4.0-1049-aws #58-Ubuntu SMP Fri Jan 12 23:17:09 UTC 2018
nodename: ip-172-31-42-5
machine: x86_64
clock source: unix
pcre jit disabled
detected number of CPU cores: 1
current working directory: /home/ubuntu
writing pidfile to /home/ubuntu/doc_class/doc_class.pid
detected binary path: /usr/bin/uwsgi-core
*** WARNING: you are running uWSGI without its master process manager ***
your processes number limit is 3900
your memory page size is 4096 bytes
detected max file descriptor number: 1024
lock engine: pthread robust mutexes
thunder lock: disabled (you can enable it with --thunder-lock)
uwsgi socket 0 bound to TCP address 127.0.0.1:3033 fd 3
Python version: 2.7.12 (default, Dec  4 2017, 14:50:18)  [GCC 5.4.0 20160609]
*** Python threads support is disabled. You can enable it with --enable-threads ***
Python main interpreter initialized at 0x10ea810
your server socket listen backlog is limited to 100 connections
your mercy for graceful operations on workers is 60 seconds
mapped 72768 bytes (71 KB) for 1 cores
*** Operational MODE: single process ***
added /home/ubuntu/doc_class/ to pythonpath.
WSGI app 0 (mountpoint='') ready in 0 seconds on interpreter 0x10ea810 pid: 27793 (default app)
mountpoint  already configured. skip.
*** uWSGI is running in multiple interpreter mode ***
spawned uWSGI worker 1 (and the only) (pid: 27793, cores: 1)
*** Starting uWSGI 2.0.12-debian (64bit) on [Wed Mar 14 04:22:44 2018] ***
compiled with version: 5.4.0 20160609 on 31 August 2017 21:02:04
os: Linux-4.4.0-1049-aws #58-Ubuntu SMP Fri Jan 12 23:17:09 UTC 2018
nodename: ip-172-31-42-5
machine: x86_64
clock source: unix
pcre jit disabled
detected number of CPU cores: 1
current working directory: /home/ubuntu
writing pidfile to /home/ubuntu/doc_class/doc_class.pid
detected binary path: /usr/bin/uwsgi-core
*** WARNING: you are running uWSGI without its master process manager ***
your processes number limit is 3900
your memory page size is 4096 bytes
detected max file descriptor number: 1024
lock engine: pthread robust mutexes
thunder lock: disabled (you can enable it with --thunder-lock)
uwsgi socket 0 bound to TCP address 127.0.0.1:3033 fd 3
Python version: 2.7.12 (default, Dec  4 2017, 14:50:18)  [GCC 5.4.0 20160609]
*** Python threads support is disabled. You can enable it with --enable-threads ***
Python main interpreter initialized at 0xf2b810
your server socket listen backlog is limited to 100 connections
your mercy for graceful operations on workers is 60 seconds
mapped 72768 bytes (71 KB) for 1 cores
*** Operational MODE: single process ***
added /home/ubuntu/doc_class/ to pythonpath.
WSGI app 0 (mountpoint='') ready in 0 seconds on interpreter 0xf2b810 pid: 27866 (default app)
mountpoint  already configured. skip.
*** uWSGI is running in multiple interpreter mode ***
spawned uWSGI worker 1 (and the only) (pid: 27866, cores: 1)
[pid: 27866|app: 0|req: 1/1] 68.82.206.192 () {40 vars in 687 bytes} [Wed Mar 14 04:22:59 2018] GET /upload => generated 178 bytes in 6 msecs (HTTP/1.1 405) 3 headers in 103 bytes (1 switches on core 0)
[pid: 27866|app: 0|req: 2/2] 68.82.206.192 () {40 vars in 675 bytes} [Wed Mar 14 04:23:03 2018] GET / => generated 795 bytes in 5 msecs (HTTP/1.1 200) 2 headers in 80 bytes (1 switches on core 0)
[pid: 27866|app: 0|req: 3/3] 68.82.206.192 () {40 vars in 711 bytes} [Wed Mar 14 04:23:03 2018] GET /static/styles/app.css => generated 233 bytes in 0 msecs (HTTP/1.1 404) 2 headers in 72 bytes (1 switches on core 0)
[pid: 27866|app: 0|req: 4/4] 68.82.206.192 () {48 vars in 1026 bytes} [Wed Mar 14 04:23:56 2018] POST /upload => generated 795 bytes in 15 msecs (HTTP/1.1 200) 2 headers in 80 bytes (9 switches on core 0)
[pid: 27866|app: 0|req: 5/5] 68.82.206.192 () {40 vars in 717 bytes} [Wed Mar 14 04:23:56 2018] GET /static/styles/app.css => generated 233 bytes in 0 msecs (HTTP/1.1 404) 2 headers in 72 bytes (1 switches on core 0)
*** Starting uWSGI 2.0.12-debian (64bit) on [Wed Mar 14 04:25:04 2018] ***
compiled with version: 5.4.0 20160609 on 31 August 2017 21:02:04
os: Linux-4.4.0-1049-aws #58-Ubuntu SMP Fri Jan 12 23:17:09 UTC 2018
nodename: ip-172-31-42-5
machine: x86_64
clock source: unix
pcre jit disabled
detected number of CPU cores: 1
current working directory: /home/ubuntu
writing pidfile to /home/ubuntu/doc_class/doc_class.pid
detected binary path: /usr/bin/uwsgi-core
*** WARNING: you are running uWSGI without its master process manager ***
your processes number limit is 3900
your memory page size is 4096 bytes
detected max file descriptor number: 1024
lock engine: pthread robust mutexes
thunder lock: disabled (you can enable it with --thunder-lock)
uwsgi socket 0 bound to TCP address 127.0.0.1:3033 fd 3
Python version: 2.7.12 (default, Dec  4 2017, 14:50:18)  [GCC 5.4.0 20160609]
*** Python threads support is disabled. You can enable it with --enable-threads ***
Python main interpreter initialized at 0xb24810
your server socket listen backlog is limited to 100 connections
your mercy for graceful operations on workers is 60 seconds
mapped 72768 bytes (71 KB) for 1 cores
*** Operational MODE: single process ***
added /home/ubuntu/doc_class/ to pythonpath.
WSGI app 0 (mountpoint='') ready in 0 seconds on interpreter 0xb24810 pid: 27920 (default app)
mountpoint  already configured. skip.
*** uWSGI is running in multiple interpreter mode ***
spawned uWSGI worker 1 (and the only) (pid: 27920, cores: 1)
[pid: 27920|app: 0|req: 1/1] 68.82.206.192 () {48 vars in 1038 bytes} [Wed Mar 14 04:32:53 2018] POST /upload => generated 795 bytes in 13923 msecs (HTTP/1.1 200) 2 headers in 80 bytes (3186 switches on core 0)
[pid: 27920|app: 0|req: 2/2] 68.82.206.192 () {40 vars in 717 bytes} [Wed Mar 14 04:33:07 2018] GET /static/styles/app.css => generated 233 bytes in 15 msecs (HTTP/1.1 404) 2 headers in 72 bytes (1 switches on core 0)
*** Starting uWSGI 2.0.12-debian (64bit) on [Wed Mar 14 05:06:44 2018] ***
compiled with version: 5.4.0 20160609 on 31 August 2017 21:02:04
os: Linux-4.4.0-1049-aws #58-Ubuntu SMP Fri Jan 12 23:17:09 UTC 2018
nodename: ip-172-31-42-5
machine: x86_64
clock source: unix
pcre jit disabled
detected number of CPU cores: 1
current working directory: /home/ubuntu
writing pidfile to /home/ubuntu/doc_class/doc_class.pid
detected binary path: /usr/bin/uwsgi-core
*** WARNING: you are running uWSGI without its master process manager ***
your processes number limit is 3900
your memory page size is 4096 bytes
detected max file descriptor number: 1024
lock engine: pthread robust mutexes
thunder lock: disabled (you can enable it with --thunder-lock)
uwsgi socket 0 bound to TCP address 127.0.0.1:3033 fd 3
Python version: 2.7.12 (default, Dec  4 2017, 14:50:18)  [GCC 5.4.0 20160609]
*** Python threads support is disabled. You can enable it with --enable-threads ***
Python main interpreter initialized at 0xa72810
your server socket listen backlog is limited to 100 connections
your mercy for graceful operations on workers is 60 seconds
mapped 72768 bytes (71 KB) for 1 cores
*** Operational MODE: single process ***
added /home/ubuntu/doc_class/ to pythonpath.
WSGI app 0 (mountpoint='') ready in 0 seconds on interpreter 0xa72810 pid: 28225 (default app)
mountpoint  already configured. skip.
*** uWSGI is running in multiple interpreter mode ***
spawned uWSGI worker 1 (and the only) (pid: 28225, cores: 1)
[pid: 28225|app: 0|req: 1/1] 68.82.206.192 () {40 vars in 687 bytes} [Wed Mar 14 05:06:50 2018] GET /upload => generated 178 bytes in 6 msecs (HTTP/1.1 405) 3 headers in 103 bytes (1 switches on core 0)
[pid: 28225|app: 0|req: 2/2] 68.82.206.192 () {40 vars in 675 bytes} [Wed Mar 14 05:06:54 2018] GET / => generated 1459 bytes in 5 msecs (HTTP/1.1 200) 2 headers in 81 bytes (1 switches on core 0)
[pid: 28225|app: 0|req: 3/3] 68.82.206.192 () {40 vars in 711 bytes} [Wed Mar 14 05:06:54 2018] GET /static/styles/app.css => generated 233 bytes in 0 msecs (HTTP/1.1 404) 2 headers in 72 bytes (1 switches on core 0)
[pid: 28225|app: 0|req: 4/4] 68.82.206.192 () {48 vars in 1028 bytes} [Wed Mar 14 05:07:29 2018] POST /upload => generated 1459 bytes in 25 msecs (HTTP/1.1 200) 2 headers in 81 bytes (9 switches on core 0)
[pid: 28225|app: 0|req: 5/5] 68.82.206.192 () {40 vars in 717 bytes} [Wed Mar 14 05:07:29 2018] GET /static/styles/app.css => generated 233 bytes in 0 msecs (HTTP/1.1 404) 2 headers in 72 bytes (1 switches on core 0)
[pid: 28225|app: 0|req: 6/6] 68.82.206.192 () {48 vars in 1034 bytes} [Wed Mar 14 05:07:42 2018] POST /upload => generated 1459 bytes in 23 msecs (HTTP/1.1 200) 2 headers in 81 bytes (11 switches on core 0)
[pid: 28225|app: 0|req: 7/7] 68.82.206.192 () {40 vars in 717 bytes} [Wed Mar 14 05:07:42 2018] GET /static/styles/app.css => generated 233 bytes in 0 msecs (HTTP/1.1 404) 2 headers in 72 bytes (1 switches on core 0)
[pid: 28225|app: 0|req: 8/8] 68.82.206.192 () {40 vars in 675 bytes} [Wed Mar 14 05:08:27 2018] GET / => generated 1459 bytes in 0 msecs (HTTP/1.1 200) 2 headers in 81 bytes (1 switches on core 0)
[pid: 28225|app: 0|req: 9/9] 68.82.206.192 () {40 vars in 711 bytes} [Wed Mar 14 05:08:27 2018] GET /static/styles/app.css => generated 233 bytes in 0 msecs (HTTP/1.1 404) 2 headers in 72 bytes (1 switches on core 0)
[pid: 28225|app: 0|req: 10/10] 68.82.206.192 () {48 vars in 1028 bytes} [Wed Mar 14 05:08:33 2018] POST /upload => generated 1459 bytes in 22 msecs (HTTP/1.1 200) 2 headers in 81 bytes (11 switches on core 0)
[pid: 28225|app: 0|req: 11/11] 68.82.206.192 () {40 vars in 717 bytes} [Wed Mar 14 05:08:34 2018] GET /static/styles/app.css => generated 233 bytes in 0 msecs (HTTP/1.1 404) 2 headers in 72 bytes (1 switches on core 0)
[pid: 28225|app: 0|req: 12/12] 68.82.206.192 () {48 vars in 1034 bytes} [Wed Mar 14 05:08:42 2018] POST /upload => generated 1459 bytes in 22 msecs (HTTP/1.1 200) 2 headers in 81 bytes (11 switches on core 0)
[pid: 28225|app: 0|req: 13/13] 68.82.206.192 () {40 vars in 717 bytes} [Wed Mar 14 05:08:43 2018] GET /static/styles/app.css => generated 233 bytes in 0 msecs (HTTP/1.1 404) 2 headers in 72 bytes (1 switches on core 0)
*** Starting uWSGI 2.0.12-debian (64bit) on [Wed Mar 14 05:11:19 2018] ***
compiled with version: 5.4.0 20160609 on 31 August 2017 21:02:04
os: Linux-4.4.0-1049-aws #58-Ubuntu SMP Fri Jan 12 23:17:09 UTC 2018
nodename: ip-172-31-42-5
machine: x86_64
clock source: unix
pcre jit disabled
detected number of CPU cores: 1
current working directory: /home/ubuntu
writing pidfile to /home/ubuntu/doc_class/doc_class.pid
detected binary path: /usr/bin/uwsgi-core
*** WARNING: you are running uWSGI without its master process manager ***
your processes number limit is 3900
your memory page size is 4096 bytes
detected max file descriptor number: 1024
lock engine: pthread robust mutexes
thunder lock: disabled (you can enable it with --thunder-lock)
uwsgi socket 0 bound to TCP address 127.0.0.1:3033 fd 3
Python version: 2.7.12 (default, Dec  4 2017, 14:50:18)  [GCC 5.4.0 20160609]
*** Python threads support is disabled. You can enable it with --enable-threads ***
Python main interpreter initialized at 0xede810
your server socket listen backlog is limited to 100 connections
your mercy for graceful operations on workers is 60 seconds
mapped 72768 bytes (71 KB) for 1 cores
*** Operational MODE: single process ***
added /home/ubuntu/doc_class/ to pythonpath.
Traceback (most recent call last):
  File "/home/ubuntu/doc_class/app/__init__.py", line 4, in <module>
    from app import views
  File "/home/ubuntu/doc_class/app/views.py", line 45, in <module>
    @app.route('/upload_train', methods=['POST'])
  File "/usr/local/lib/python2.7/dist-packages/flask/app.py", line 1080, in decorator
    self.add_url_rule(rule, endpoint, f, **options)
  File "/usr/local/lib/python2.7/dist-packages/flask/app.py", line 64, in wrapper_func
    return f(self, *args, **kwargs)
  File "/usr/local/lib/python2.7/dist-packages/flask/app.py", line 1051, in add_url_rule
    'existing endpoint function: %s' % endpoint)
AssertionError: View function mapping is overwriting an existing endpoint function: upload_file
unable to load app 0 (mountpoint='') (callable not found or import error)
failed to open python file %(home)/run.py
unable to load app 0 (mountpoint='') (callable not found or import error)
*** no app loaded. going in full dynamic mode ***
*** uWSGI is running in multiple interpreter mode ***
spawned uWSGI worker 1 (and the only) (pid: 28427, cores: 1)
--- no python application found, check your startup logs for errors ---
[pid: 28427|app: -1|req: -1/1] 68.82.206.192 () {40 vars in 687 bytes} [Wed Mar 14 05:11:22 2018] GET /upload => generated 21 bytes in 0 msecs (HTTP/1.1 500) 2 headers in 83 bytes (0 switches on core 0)
--- no python application found, check your startup logs for errors ---
[pid: 28427|app: -1|req: -1/2] 68.82.206.192 () {40 vars in 687 bytes} [Wed Mar 14 05:11:26 2018] GET /upload => generated 21 bytes in 0 msecs (HTTP/1.1 500) 2 headers in 83 bytes (0 switches on core 0)
--- no python application found, check your startup logs for errors ---
[pid: 28427|app: -1|req: -1/3] 68.82.206.192 () {40 vars in 711 bytes} [Wed Mar 14 05:11:27 2018] GET /static/styles/app.css => generated 21 bytes in 0 msecs (HTTP/1.1 500) 2 headers in 83 bytes (0 switches on core 0)
--- no python application found, check your startup logs for errors ---
[pid: 28427|app: -1|req: -1/4] 68.82.206.192 () {40 vars in 675 bytes} [Wed Mar 14 05:11:27 2018] GET / => generated 21 bytes in 0 msecs (HTTP/1.1 500) 2 headers in 83 bytes (0 switches on core 0)
--- no python application found, check your startup logs for errors ---
[pid: 28427|app: -1|req: -1/5] 68.82.206.192 () {40 vars in 675 bytes} [Wed Mar 14 05:11:38 2018] GET / => generated 21 bytes in 0 msecs (HTTP/1.1 500) 2 headers in 83 bytes (0 switches on core 0)
--- no python application found, check your startup logs for errors ---
[pid: 28427|app: -1|req: -1/6] 68.82.206.192 () {40 vars in 711 bytes} [Wed Mar 14 05:11:38 2018] GET /static/styles/app.css => generated 21 bytes in 0 msecs (HTTP/1.1 500) 2 headers in 83 bytes (0 switches on core 0)
*** Starting uWSGI 2.0.12-debian (64bit) on [Wed Mar 14 05:33:22 2018] ***
compiled with version: 5.4.0 20160609 on 31 August 2017 21:02:04
os: Linux-4.4.0-1049-aws #58-Ubuntu SMP Fri Jan 12 23:17:09 UTC 2018
nodename: ip-172-31-42-5
machine: x86_64
clock source: unix
pcre jit disabled
detected number of CPU cores: 1
current working directory: /home/ubuntu
writing pidfile to /home/ubuntu/doc_class/doc_class.pid
detected binary path: /usr/bin/uwsgi-core
*** WARNING: you are running uWSGI without its master process manager ***
your processes number limit is 3900
your memory page size is 4096 bytes
detected max file descriptor number: 1024
lock engine: pthread robust mutexes
thunder lock: disabled (you can enable it with --thunder-lock)
uwsgi socket 0 bound to TCP address 127.0.0.1:3033 fd 3
Python version: 2.7.12 (default, Dec  4 2017, 14:50:18)  [GCC 5.4.0 20160609]
*** Python threads support is disabled. You can enable it with --enable-threads ***
Python main interpreter initialized at 0x240f810
your server socket listen backlog is limited to 100 connections
your mercy for graceful operations on workers is 60 seconds
mapped 72768 bytes (71 KB) for 1 cores
*** Operational MODE: single process ***
added /home/ubuntu/doc_class/ to pythonpath.
WSGI app 0 (mountpoint='') ready in 0 seconds on interpreter 0x240f810 pid: 29391 (default app)
mountpoint  already configured. skip.
*** uWSGI is running in multiple interpreter mode ***
spawned uWSGI worker 1 (and the only) (pid: 29391, cores: 1)
[pid: 29391|app: 0|req: 1/1] 68.82.206.192 () {40 vars in 675 bytes} [Wed Mar 14 05:33:35 2018] GET / => generated 1447 bytes in 6 msecs (HTTP/1.1 200) 2 headers in 81 bytes (1 switches on core 0)
[pid: 29391|app: 0|req: 2/2] 68.82.206.192 () {40 vars in 711 bytes} [Wed Mar 14 05:33:35 2018] GET /static/styles/app.css => generated 233 bytes in 5 msecs (HTTP/1.1 404) 2 headers in 72 bytes (1 switches on core 0)
[pid: 29391|app: 0|req: 3/3] 68.82.206.192 () {48 vars in 1026 bytes} [Wed Mar 14 05:33:42 2018] POST /train => generated 1703 bytes in 28 msecs (HTTP/1.1 200) 2 headers in 81 bytes (9 switches on core 0)
[pid: 29391|app: 0|req: 4/4] 68.82.206.192 () {40 vars in 716 bytes} [Wed Mar 14 05:33:42 2018] GET /static/styles/app.css => generated 233 bytes in 0 msecs (HTTP/1.1 404) 2 headers in 72 bytes (1 switches on core 0)
[pid: 29391|app: 0|req: 5/5] 68.82.206.192 () {40 vars in 757 bytes} [Wed Mar 14 05:33:42 2018] GET /uploads/confusion_train.jpg => generated 233 bytes in 0 msecs (HTTP/1.1 404) 2 headers in 72 bytes (1 switches on core 0)
[pid: 29391|app: 0|req: 6/6] 68.82.206.192 () {40 vars in 801 bytes} [Wed Mar 14 05:33:42 2018] GET /home/ubuntu/doc_class/uploads/confusion_train.jpg => generated 233 bytes in 0 msecs (HTTP/1.1 404) 2 headers in 72 bytes (1 switches on core 0)
*** Starting uWSGI 2.0.12-debian (64bit) on [Wed Mar 14 12:14:42 2018] ***
compiled with version: 5.4.0 20160609 on 31 August 2017 21:02:04
os: Linux-4.4.0-1052-aws #61-Ubuntu SMP Mon Feb 12 23:05:58 UTC 2018
nodename: ip-172-31-42-5
machine: x86_64
clock source: unix
pcre jit disabled
detected number of CPU cores: 1
current working directory: /home/ubuntu
writing pidfile to /home/ubuntu/doc_class/doc_class.pid
detected binary path: /usr/bin/uwsgi-core
*** WARNING: you are running uWSGI without its master process manager ***
your processes number limit is 7932
your memory page size is 4096 bytes
detected max file descriptor number: 1024
lock engine: pthread robust mutexes
thunder lock: disabled (you can enable it with --thunder-lock)
uwsgi socket 0 bound to TCP address 127.0.0.1:3033 fd 3
Python version: 2.7.12 (default, Dec  4 2017, 14:50:18)  [GCC 5.4.0 20160609]
*** Python threads support is disabled. You can enable it with --enable-threads ***
Python main interpreter initialized at 0xf3f810
your server socket listen backlog is limited to 100 connections
your mercy for graceful operations on workers is 60 seconds
mapped 72768 bytes (71 KB) for 1 cores
*** Operational MODE: single process ***
added /home/ubuntu/doc_class/ to pythonpath.
WSGI app 0 (mountpoint='') ready in 1 seconds on interpreter 0xf3f810 pid: 3431 (default app)
mountpoint  already configured. skip.
*** uWSGI is running in multiple interpreter mode ***
spawned uWSGI worker 1 (and the only) (pid: 3431, cores: 1)
[pid: 3431|app: 0|req: 1/1] 68.82.206.192 () {40 vars in 648 bytes} [Wed Mar 14 12:15:35 2018] GET / => generated 1534 bytes in 5 msecs (HTTP/1.1 200) 2 headers in 81 bytes (1 switches on core 0)
[pid: 3431|app: 0|req: 2/2] 68.82.206.192 () {40 vars in 683 bytes} [Wed Mar 14 12:15:35 2018] GET /static/styles/app.css => generated 233 bytes in 5 msecs (HTTP/1.1 404) 2 headers in 72 bytes (1 switches on core 0)
[pid: 3431|app: 0|req: 3/3] 68.82.206.192 () {38 vars in 635 bytes} [Wed Mar 14 12:15:36 2018] GET /favicon.ico => generated 233 bytes in 0 msecs (HTTP/1.1 404) 2 headers in 72 bytes (1 switches on core 0)
160
(160, 11556)
(160, 11556)
('Elapsed time:', 0.09334611892700195)
('Elapsed time:', 0.8897609710693359)
('Elapsed time:', 0.007745027542114258)
0.6875
[pid: 3431|app: 0|req: 4/4] 68.82.206.192 () {46 vars in 962 bytes} [Wed Mar 14 12:16:09 2018] POST /train => generated 2559 bytes in 1454 msecs (HTTP/1.1 200) 2 headers in 81 bytes (10 switches on core 0)
[pid: 3431|app: 0|req: 5/5] 68.82.206.192 () {40 vars in 688 bytes} [Wed Mar 14 12:16:11 2018] GET /static/styles/app.css => generated 233 bytes in 0 msecs (HTTP/1.1 404) 2 headers in 72 bytes (1 switches on core 0)
[pid: 3431|app: 0|req: 6/6] 68.82.206.192 () {40 vars in 677 bytes} [Wed Mar 14 12:16:11 2018] GET /images/devconfusion.png => generated 233 bytes in 0 msecs (HTTP/1.1 404) 2 headers in 72 bytes (1 switches on core 0)
[pid: 3431|app: 0|req: 7/7] 68.82.206.192 () {46 vars in 965 bytes} [Wed Mar 14 12:16:14 2018] POST /download2 => generated 261 bytes in 2 msecs (HTTP/1.1 302) 3 headers in 178 bytes (1 switches on core 0)
[pid: 3431|app: 0|req: 8/8] 68.82.206.192 () {42 vars in 778 bytes} [Wed Mar 14 12:16:15 2018] GET /download3/devconfusion.png => generated 31440 bytes in 4 msecs via sendfile() (HTTP/1.1 200) 8 headers in 290 bytes (0 switches on core 0)
[pid: 3431|app: 0|req: 9/9] 68.82.206.192 () {44 vars in 701 bytes} [Wed Mar 14 12:19:41 2018] GET / => generated 1534 bytes in 0 msecs (HTTP/1.1 200) 2 headers in 81 bytes (1 switches on core 0)
[pid: 3431|app: 0|req: 10/10] 68.82.206.192 () {44 vars in 736 bytes} [Wed Mar 14 12:19:41 2018] GET /static/styles/app.css => generated 233 bytes in 0 msecs (HTTP/1.1 404) 2 headers in 72 bytes (1 switches on core 0)
6400
('Elapsed time:', 0.1634809970855713)
('Elapsed time:', 2.328644037246704)
0.01625
[pid: 3431|app: 0|req: 11/11] 68.82.206.192 () {46 vars in 971 bytes} [Wed Mar 14 12:19:57 2018] POST /upload => generated 3316 bytes in 2993 msecs (HTTP/1.1 200) 2 headers in 81 bytes (8 switches on core 0)
[pid: 3431|app: 0|req: 12/12] 68.82.206.192 () {40 vars in 689 bytes} [Wed Mar 14 12:20:00 2018] GET /static/styles/app.css => generated 233 bytes in 0 msecs (HTTP/1.1 404) 2 headers in 72 bytes (1 switches on core 0)
[pid: 3431|app: 0|req: 13/13] 68.82.206.192 () {40 vars in 678 bytes} [Wed Mar 14 12:20:00 2018] GET /images/devconfusion.png => generated 233 bytes in 0 msecs (HTTP/1.1 404) 2 headers in 72 bytes (1 switches on core 0)
[pid: 3431|app: 0|req: 14/14] 68.82.206.192 () {40 vars in 672 bytes} [Wed Mar 14 12:20:00 2018] GET /images/confusion.jpg => generated 233 bytes in 0 msecs (HTTP/1.1 404) 2 headers in 72 bytes (1 switches on core 0)
[pid: 3431|app: 0|req: 15/15] 68.82.206.192 () {40 vars in 674 bytes} [Wed Mar 14 12:29:07 2018] GET / => generated 1534 bytes in 0 msecs (HTTP/1.1 200) 2 headers in 81 bytes (1 switches on core 0)
[pid: 3431|app: 0|req: 16/16] 68.82.206.192 () {40 vars in 709 bytes} [Wed Mar 14 12:29:07 2018] GET /static/styles/app.css => generated 233 bytes in 0 msecs (HTTP/1.1 404) 2 headers in 72 bytes (1 switches on core 0)
[pid: 3431|app: 0|req: 17/17] 68.82.206.192 () {40 vars in 674 bytes} [Wed Mar 14 12:29:07 2018] GET /favicon.ico => generated 233 bytes in 0 msecs (HTTP/1.1 404) 2 headers in 72 bytes (1 switches on core 0)
1600
(1600, 62827)
(1600, 62827)
('Elapsed time:', 0.781851053237915)
('Elapsed time:', 4.745538949966431)
('Elapsed time:', 0.05902600288391113)
0.45
[pid: 3431|app: 0|req: 18/18] 68.82.206.192 () {48 vars in 1023 bytes} [Wed Mar 14 12:30:37 2018] POST /train => generated 2559 bytes in 6628 msecs (HTTP/1.1 200) 2 headers in 81 bytes (11 switches on core 0)
[pid: 3431|app: 0|req: 19/19] 68.82.206.192 () {40 vars in 714 bytes} [Wed Mar 14 12:30:44 2018] GET /static/styles/app.css => generated 233 bytes in 0 msecs (HTTP/1.1 404) 2 headers in 72 bytes (1 switches on core 0)
[pid: 3431|app: 0|req: 20/20] 68.82.206.192 () {40 vars in 747 bytes} [Wed Mar 14 12:30:44 2018] GET /images/devconfusion.png => generated 233 bytes in 0 msecs (HTTP/1.1 404) 2 headers in 72 bytes (1 switches on core 0)
160
('Elapsed time:', 0.8640570640563965)
('Elapsed time:', 0.06563401222229004)
0.10625
[2018-03-14 12:31:03,728] ERROR in app: Exception on /upload [POST]
Traceback (most recent call last):
  File "/usr/local/lib/python2.7/dist-packages/flask/app.py", line 1982, in wsgi_app
    response = self.full_dispatch_request()
  File "/usr/local/lib/python2.7/dist-packages/flask/app.py", line 1614, in full_dispatch_request
    rv = self.handle_user_exception(e)
  File "/usr/local/lib/python2.7/dist-packages/flask/app.py", line 1517, in handle_user_exception
    reraise(exc_type, exc_value, tb)
  File "/usr/local/lib/python2.7/dist-packages/flask/app.py", line 1612, in full_dispatch_request
    rv = self.dispatch_request()
  File "/usr/local/lib/python2.7/dist-packages/flask/app.py", line 1598, in dispatch_request
    return self.view_functions[rule.endpoint](**req.view_args)
  File "/home/ubuntu/doc_class/app/views.py", line 33, in upload_file
    predictNB(f)
  File "/home/ubuntu/doc_class/app/train/predictNB.py", line 53, in predictNB
    spamwriter.writerow([idx2target[dev_predicted[i]], idx2target[dev_target_idx[i]] ])
KeyError: 13
[pid: 3431|app: 0|req: 21/21] 68.82.206.192 () {48 vars in 1028 bytes} [Wed Mar 14 12:31:02 2018] POST /upload => generated 291 bytes in 945 msecs (HTTP/1.1 500) 2 headers in 84 bytes (11 switches on core 0)
160
('Elapsed time:', 0.8669719696044922)
('Elapsed time:', 0.06479811668395996)
0.10625
[2018-03-14 12:31:13,411] ERROR in app: Exception on /upload [POST]
Traceback (most recent call last):
  File "/usr/local/lib/python2.7/dist-packages/flask/app.py", line 1982, in wsgi_app
    response = self.full_dispatch_request()
  File "/usr/local/lib/python2.7/dist-packages/flask/app.py", line 1614, in full_dispatch_request
    rv = self.handle_user_exception(e)
  File "/usr/local/lib/python2.7/dist-packages/flask/app.py", line 1517, in handle_user_exception
    reraise(exc_type, exc_value, tb)
  File "/usr/local/lib/python2.7/dist-packages/flask/app.py", line 1612, in full_dispatch_request
    rv = self.dispatch_request()
  File "/usr/local/lib/python2.7/dist-packages/flask/app.py", line 1598, in dispatch_request
    return self.view_functions[rule.endpoint](**req.view_args)
  File "/home/ubuntu/doc_class/app/views.py", line 33, in upload_file
    predictNB(f)
  File "/home/ubuntu/doc_class/app/train/predictNB.py", line 53, in predictNB
    spamwriter.writerow([idx2target[dev_predicted[i]], idx2target[dev_target_idx[i]] ])
KeyError: 13
[pid: 3431|app: 0|req: 22/22] 68.82.206.192 () {48 vars in 1028 bytes} [Wed Mar 14 12:31:12 2018] POST /upload => generated 291 bytes in 946 msecs (HTTP/1.1 500) 2 headers in 84 bytes (11 switches on core 0)
320
('Elapsed time:', 0.8722059726715088)
('Elapsed time:', 0.12429690361022949)
0.140625
[2018-03-14 12:31:32,663] ERROR in app: Exception on /upload [POST]
Traceback (most recent call last):
  File "/usr/local/lib/python2.7/dist-packages/flask/app.py", line 1982, in wsgi_app
    response = self.full_dispatch_request()
  File "/usr/local/lib/python2.7/dist-packages/flask/app.py", line 1614, in full_dispatch_request
    rv = self.handle_user_exception(e)
  File "/usr/local/lib/python2.7/dist-packages/flask/app.py", line 1517, in handle_user_exception
    reraise(exc_type, exc_value, tb)
  File "/usr/local/lib/python2.7/dist-packages/flask/app.py", line 1612, in full_dispatch_request
    rv = self.dispatch_request()
  File "/usr/local/lib/python2.7/dist-packages/flask/app.py", line 1598, in dispatch_request
    return self.view_functions[rule.endpoint](**req.view_args)
  File "/home/ubuntu/doc_class/app/views.py", line 33, in upload_file
    predictNB(f)
  File "/home/ubuntu/doc_class/app/train/predictNB.py", line 53, in predictNB
    spamwriter.writerow([idx2target[dev_predicted[i]], idx2target[dev_target_idx[i]] ])
KeyError: 13
[pid: 3431|app: 0|req: 23/23] 68.82.206.192 () {48 vars in 1030 bytes} [Wed Mar 14 12:31:31 2018] POST /upload => generated 291 bytes in 1016 msecs (HTTP/1.1 500) 2 headers in 84 bytes (11 switches on core 0)
*** Starting uWSGI 2.0.12-debian (64bit) on [Wed Mar 14 12:44:07 2018] ***
compiled with version: 5.4.0 20160609 on 31 August 2017 21:02:04
os: Linux-4.4.0-1052-aws #61-Ubuntu SMP Mon Feb 12 23:05:58 UTC 2018
nodename: ip-172-31-42-5
machine: x86_64
clock source: unix
pcre jit disabled
detected number of CPU cores: 1
current working directory: /home/ubuntu
writing pidfile to /home/ubuntu/doc_class/doc_class.pid
detected binary path: /usr/bin/uwsgi-core
*** WARNING: you are running uWSGI without its master process manager ***
your processes number limit is 7932
your memory page size is 4096 bytes
detected max file descriptor number: 1024
lock engine: pthread robust mutexes
thunder lock: disabled (you can enable it with --thunder-lock)
uwsgi socket 0 bound to TCP address 127.0.0.1:3033 fd 3
Python version: 2.7.12 (default, Dec  4 2017, 14:50:18)  [GCC 5.4.0 20160609]
*** Python threads support is disabled. You can enable it with --enable-threads ***
Python main interpreter initialized at 0x25fa810
your server socket listen backlog is limited to 100 connections
your mercy for graceful operations on workers is 60 seconds
mapped 72768 bytes (71 KB) for 1 cores
*** Operational MODE: single process ***
added /home/ubuntu/doc_class/ to pythonpath.
WSGI app 0 (mountpoint='') ready in 0 seconds on interpreter 0x25fa810 pid: 3620 (default app)
mountpoint  already configured. skip.
*** uWSGI is running in multiple interpreter mode ***
spawned uWSGI worker 1 (and the only) (pid: 3620, cores: 1)
[pid: 3620|app: 0|req: 1/1] 68.82.206.192 () {40 vars in 684 bytes} [Wed Mar 14 12:44:13 2018] GET /train => generated 178 bytes in 5 msecs (HTTP/1.1 405) 3 headers in 103 bytes (1 switches on core 0)
[pid: 3620|app: 0|req: 2/2] 68.82.206.192 () {40 vars in 674 bytes} [Wed Mar 14 12:44:17 2018] GET / => generated 1534 bytes in 5 msecs (HTTP/1.1 200) 2 headers in 81 bytes (1 switches on core 0)
[pid: 3620|app: 0|req: 3/3] 68.82.206.192 () {40 vars in 709 bytes} [Wed Mar 14 12:44:17 2018] GET /static/styles/app.css => generated 233 bytes in 0 msecs (HTTP/1.1 404) 2 headers in 72 bytes (1 switches on core 0)
6400
(6400, 183273)
(6400, 183273)
('Elapsed time:', 3.2103159427642822)
('Elapsed time:', 13.973856925964355)
('Elapsed time:', 0.2521820068359375)
0.51875
[pid: 3620|app: 0|req: 4/4] 68.82.206.192 () {48 vars in 1025 bytes} [Wed Mar 14 12:45:01 2018] POST /train => generated 2559 bytes in 21226 msecs (HTTP/1.1 200) 2 headers in 81 bytes (11 switches on core 0)
[pid: 3620|app: 0|req: 5/5] 68.82.206.192 () {40 vars in 714 bytes} [Wed Mar 14 12:45:22 2018] GET /static/styles/app.css => generated 233 bytes in 0 msecs (HTTP/1.1 404) 2 headers in 72 bytes (1 switches on core 0)
[pid: 3620|app: 0|req: 6/6] 68.82.206.192 () {40 vars in 747 bytes} [Wed Mar 14 12:45:22 2018] GET /images/devconfusion.png => generated 233 bytes in 0 msecs (HTTP/1.1 404) 2 headers in 72 bytes (1 switches on core 0)
160
('Elapsed time:', 2.587980031967163)
('Elapsed time:', 0.07334399223327637)
0.5875
14
[pid: 3620|app: 0|req: 7/7] 68.82.206.192 () {48 vars in 1028 bytes} [Wed Mar 14 12:45:36 2018] POST /upload => generated 3316 bytes in 2956 msecs (HTTP/1.1 200) 2 headers in 81 bytes (11 switches on core 0)
[pid: 3620|app: 0|req: 8/8] 68.82.206.192 () {40 vars in 715 bytes} [Wed Mar 14 12:45:39 2018] GET /static/styles/app.css => generated 233 bytes in 0 msecs (HTTP/1.1 404) 2 headers in 72 bytes (1 switches on core 0)
[pid: 3620|app: 0|req: 9/9] 68.82.206.192 () {40 vars in 748 bytes} [Wed Mar 14 12:45:39 2018] GET /images/devconfusion.png => generated 233 bytes in 0 msecs (HTTP/1.1 404) 2 headers in 72 bytes (1 switches on core 0)
[pid: 3620|app: 0|req: 10/10] 68.82.206.192 () {40 vars in 742 bytes} [Wed Mar 14 12:45:39 2018] GET /images/confusion.jpg => generated 233 bytes in 0 msecs (HTTP/1.1 404) 2 headers in 72 bytes (1 switches on core 0)
[pid: 3620|app: 0|req: 11/11] 68.82.206.192 () {48 vars in 1027 bytes} [Wed Mar 14 12:46:23 2018] POST /download1 => generated 255 bytes in 2 msecs (HTTP/1.1 302) 3 headers in 175 bytes (1 switches on core 0)
[pid: 3620|app: 0|req: 12/12] 68.82.206.192 () {44 vars in 870 bytes} [Wed Mar 14 12:46:23 2018] GET /download4/devresult.csv => generated 13270 bytes in 2 msecs via sendfile() (HTTP/1.1 200) 8 headers in 304 bytes (0 switches on core 0)
[pid: 3620|app: 0|req: 13/13] 68.82.206.192 () {48 vars in 1027 bytes} [Wed Mar 14 12:46:50 2018] POST /download2 => generated 261 bytes in 0 msecs (HTTP/1.1 302) 3 headers in 178 bytes (1 switches on core 0)
[pid: 3620|app: 0|req: 14/14] 68.82.206.192 () {44 vars in 876 bytes} [Wed Mar 14 12:46:50 2018] GET /download3/devconfusion.png => generated 36974 bytes in 0 msecs via sendfile() (HTTP/1.1 200) 8 headers in 290 bytes (0 switches on core 0)
[pid: 3620|app: 0|req: 15/15] 68.82.206.192 () {40 vars in 660 bytes} [Wed Mar 14 12:48:33 2018] GET /upload => generated 178 bytes in 0 msecs (HTTP/1.1 405) 3 headers in 103 bytes (1 switches on core 0)
[pid: 3620|app: 0|req: 16/16] 68.82.206.192 () {38 vars in 635 bytes} [Wed Mar 14 12:48:33 2018] GET /favicon.ico => generated 233 bytes in 0 msecs (HTTP/1.1 404) 2 headers in 72 bytes (1 switches on core 0)
[pid: 3620|app: 0|req: 17/17] 68.82.206.192 () {40 vars in 648 bytes} [Wed Mar 14 12:48:38 2018] GET / => generated 1534 bytes in 0 msecs (HTTP/1.1 200) 2 headers in 81 bytes (1 switches on core 0)
[pid: 3620|app: 0|req: 18/18] 68.82.206.192 () {40 vars in 683 bytes} [Wed Mar 14 12:48:39 2018] GET /static/styles/app.css => generated 233 bytes in 0 msecs (HTTP/1.1 404) 2 headers in 72 bytes (1 switches on core 0)
6400
(6400, 183273)
(6400, 183273)
('Elapsed time:', 3.1087520122528076)
('Elapsed time:', 13.804028034210205)
('Elapsed time:', 0.25011682510375977)
0.5640625
[pid: 3620|app: 0|req: 19/19] 68.82.206.192 () {46 vars in 962 bytes} [Wed Mar 14 12:49:25 2018] POST /train => generated 2559 bytes in 20643 msecs (HTTP/1.1 200) 2 headers in 81 bytes (10 switches on core 0)
[pid: 3620|app: 0|req: 20/20] 68.82.206.192 () {40 vars in 688 bytes} [Wed Mar 14 12:49:46 2018] GET /static/styles/app.css => generated 233 bytes in 0 msecs (HTTP/1.1 404) 2 headers in 72 bytes (1 switches on core 0)
[pid: 3620|app: 0|req: 21/21] 68.82.206.192 () {40 vars in 677 bytes} [Wed Mar 14 12:49:46 2018] GET /images/devconfusion.png => generated 233 bytes in 0 msecs (HTTP/1.1 404) 2 headers in 72 bytes (1 switches on core 0)
160
('Elapsed time:', 2.589221954345703)
('Elapsed time:', 0.07563090324401855)
0.5875
14
[pid: 3620|app: 0|req: 22/22] 68.82.206.192 () {46 vars in 965 bytes} [Wed Mar 14 12:50:04 2018] POST /upload => generated 3316 bytes in 2964 msecs (HTTP/1.1 200) 2 headers in 81 bytes (11 switches on core 0)
[pid: 3620|app: 0|req: 23/23] 68.82.206.192 () {40 vars in 689 bytes} [Wed Mar 14 12:50:07 2018] GET /static/styles/app.css => generated 233 bytes in 0 msecs (HTTP/1.1 404) 2 headers in 72 bytes (1 switches on core 0)
[pid: 3620|app: 0|req: 24/24] 68.82.206.192 () {40 vars in 678 bytes} [Wed Mar 14 12:50:07 2018] GET /images/devconfusion.png => generated 233 bytes in 0 msecs (HTTP/1.1 404) 2 headers in 72 bytes (1 switches on core 0)
[pid: 3620|app: 0|req: 25/25] 68.82.206.192 () {40 vars in 672 bytes} [Wed Mar 14 12:50:07 2018] GET /images/confusion.jpg => generated 233 bytes in 0 msecs (HTTP/1.1 404) 2 headers in 72 bytes (1 switches on core 0)
[pid: 3620|app: 0|req: 26/26] 68.82.206.192 () {46 vars in 964 bytes} [Wed Mar 14 12:50:18 2018] POST /download4 => generated 255 bytes in 0 msecs (HTTP/1.1 302) 3 headers in 175 bytes (1 switches on core 0)
[pid: 3620|app: 0|req: 27/27] 68.82.206.192 () {42 vars in 773 bytes} [Wed Mar 14 12:50:18 2018] GET /download3/confusion.png => generated 36774 bytes in 0 msecs via sendfile() (HTTP/1.1 200) 8 headers in 290 bytes (0 switches on core 0)
[pid: 3620|app: 0|req: 28/28] 68.82.206.192 () {46 vars in 964 bytes} [Wed Mar 14 12:50:22 2018] POST /download3 => generated 249 bytes in 0 msecs (HTTP/1.1 302) 3 headers in 172 bytes (1 switches on core 0)
[pid: 3620|app: 0|req: 29/29] 68.82.206.192 () {42 vars in 767 bytes} [Wed Mar 14 12:50:22 2018] GET /download4/result.csv => generated 3305 bytes in 0 msecs via sendfile() (HTTP/1.1 200) 8 headers in 302 bytes (0 switches on core 0)
